#
# A fatal error has been detected by the Java Runtime Environment:
#
#  EXCEPTION_ACCESS_VIOLATION (0xc0000005) at pc=0x000007fed3740154, pid=17752, tid=15400
#
# JRE version: OpenJDK Runtime Environment (11.0.2+9) (build 11.0.2+9)
# Java VM: OpenJDK 64-Bit Server VM (11.0.2+9, mixed mode, tiered, compressed oops, g1 gc, windows-amd64)
# Problematic frame:
# V  [jvm.dll+0x3e0154]
#
# No core dump will be written. Minidumps are not enabled by default on client versions of Windows
#
# If you would like to submit a bug report, please visit:
#   http://bugreport.java.com/bugreport/crash.jsp
#

---------------  S U M M A R Y ------------

Command Line: -Dfile.encoding=Cp1252 de.guibuilder.test.framework.GuiChartTest

Host: Intel(R) Core(TM) i7-4770 CPU @ 3.40GHz, 8 cores, 31G,  Windows 7 , 64 bit Build 7601 (6.1.7601.24354)
Time: Mon Mar 18 15:10:47 2019 Mitteleuropäische Zeit elapsed time: 1 seconds (0d 0h 0m 1s)

---------------  T H R E A D  ---------------

Current thread (0x0000000035e2a800):  JavaThread "JavaFX Application Thread" [_thread_in_vm, id=15400, stack(0x00000000376e0000,0x00000000377e0000)]

Stack: [0x00000000376e0000,0x00000000377e0000],  sp=0x00000000377dbf40,  free space=1007k
Native frames: (J=compiled Java code, j=interpreted, Vv=VM code, C=native code)
V  [jvm.dll+0x3e0154]
C  [glass.dll+0x162c]

Java frames: (J=compiled Java code, j=interpreted, Vv=VM code)
j  com.sun.glass.ui.win.WinScreen._getMainScreen(Lcom/sun/glass/ui/Screen;)Lcom/sun/glass/ui/Screen;+0
j  com.sun.glass.ui.win.WinScreen.getMainScreen_impl()Lcom/sun/glass/ui/Screen;+7
j  com.sun.glass.ui.win.WinApplication.staticScreen_getMainScreen()Lcom/sun/glass/ui/Screen;+0
j  com.sun.glass.ui.Screen.getMainScreen()Lcom/sun/glass/ui/Screen;+3
j  com.sun.javafx.tk.quantum.QuantumToolkit.getPrimaryScreen()Ljava/lang/Object;+0
j  javafx.stage.Screen.updateConfiguration()V+3
j  javafx.stage.Screen.checkDirty()V+11
j  javafx.stage.Screen.getPrimary()Ljavafx/stage/Screen;+0
j  javafx.stage.Window.centerOnScreen()V+17
j  javafx.stage.Window$9.invalidated()V+373
j  javafx.beans.property.BooleanPropertyBase.markInvalid()V+13
j  javafx.beans.property.BooleanPropertyBase.set(Z)V+31
j  javafx.stage.Window.setShowing(Z)V+11
j  javafx.stage.Window.show()V+2
j  com.sun.javafx.stage.EmbeddedWindow.show()V+1
j  javafx.embed.swing.JFXPanel.setSceneImpl(Ljavafx/scene/Scene;)V+83
j  javafx.embed.swing.JFXPanel.setScene(Ljavafx/scene/Scene;)V+11
j  de.guibuilder.framework.GuiFactory$1.run()V+179
j  com.sun.javafx.application.PlatformImpl$4$1.run()Ljava/lang/Void;+7
j  com.sun.javafx.application.PlatformImpl$4$1.run()Ljava/lang/Object;+1
v  ~StubRoutines::call_stub
j  java.security.AccessController.doPrivileged(Ljava/security/PrivilegedAction;Ljava/security/AccessControlContext;)Ljava/lang/Object;+0 java.base@11.0.2
j  com.sun.javafx.application.PlatformImpl$4.run()V+12
v  ~StubRoutines::call_stub
j  com.sun.glass.ui.win.WinApplication._runLoop([Ljava/lang/String;Lcom/sun/glass/ui/Launchable;)V+0
j  com.sun.glass.ui.win.WinApplication.access$100(Lcom/sun/glass/ui/win/WinApplication;[Ljava/lang/String;Lcom/sun/glass/ui/Launchable;)V+3
j  com.sun.glass.ui.win.WinApplication$3$1.run()V+32
j  java.lang.Thread.run()V+11 java.base@11.0.2
v  ~StubRoutines::call_stub

siginfo: EXCEPTION_ACCESS_VIOLATION (0xc0000005), reading address 0xffffffffffffffff


Register to memory mapping:

RIP=0x000007fed3740154 jvm.dll
RAX=0x7373616c43206169 is an unknown value
RBX=0x0000000035e2a800 is a thread
RCX=0x7373616c43206169 is an unknown value
RDX=0x0000000035e2a800 is a thread
RSP=0x00000000377dbf40 is pointing into the stack for thread: 0x0000000035e2a800
RBP=0x0 is NULL
RSI=0x0000000033842a00 points into unknown readable memory: 00 00 00 00 00 00 00 00
RDI=0x0000000035e2a800 is a thread
R8 =0x0000000035ddf0f8 points into unknown readable memory: 00 01 63 31 00 00 00 00
R9 =0x00000000377dc058 is pointing into the stack for thread: 0x0000000035e2a800
R10=0x000007feeb49d108 glass.dll
R11=0x000000061fea6220 is pointing into object: [B 
{0x000000061fea6210} - klass: {type array byte}
 - length: 23
R12=0x0000000035ddf0f8 points into unknown readable memory: 00 01 63 31 00 00 00 00
R13=0x00000000377dc058 is pointing into the stack for thread: 0x0000000035e2a800
R14=0x000000003374f2b8 points into unknown readable memory: 98 0b 40 21 06 00 00 00
R15=0x0000000035e2ab40 points into unknown readable memory: a0 1c d5 d3 fe 07 00 00


Registers:
RAX=0x7373616c43206169, RBX=0x0000000035e2a800, RCX=0x7373616c43206169, RDX=0x0000000035e2a800
RSP=0x00000000377dbf40, RBP=0x0000000000000000, RSI=0x0000000033842a00, RDI=0x0000000035e2a800
R8 =0x0000000035ddf0f8, R9 =0x00000000377dc058, R10=0x000007feeb49d108, R11=0x000000061fea6220
R12=0x0000000035ddf0f8, R13=0x00000000377dc058, R14=0x000000003374f2b8, R15=0x0000000035e2ab40
RIP=0x000007fed3740154, EFLAGS=0x0000000000010246

Top of Stack: (sp=0x00000000377dbf40)
0x00000000377dbf40:   0000000035e2a800 00000000377dbff0
0x00000000377dbf50:   0000000000000033 0000000000000100
0x00000000377dbf60:   0000000035e2a800 0000000000000017
0x00000000377dbf70:   0000000036cd9a68 0000000000000000
0x00000000377dbf80:   000000000000000c 000007fed376aabb
0x00000000377dbf90:   0000000035e2a800 0000000000000000
0x00000000377dbfa0:   00000000377dc100 000007fed3466199
0x00000000377dbfb0:   000007fed3bf0288 0000000031e2a628
0x00000000377dbfc0:   0000000000000000 0000000000000063
0x00000000377dbfd0:   0000000000000000 00000000377dc058
0x00000000377dbfe0:   0000000035e2a800 00000000377dc1c8
0x00000000377dbff0:   0000000036cd9a68 0000000000000000
0x00000000377dc000:   0000000035e2ab40 000007feeb48162c
0x00000000377dc010:   000007feeb49d108 0000000035e2ab40
0x00000000377dc020:   0000000033842aa0 00000000377dc1c8
0x00000000377dc030:   0000000035e2ab40 000007feeb4817a2 

Instructions: (pc=0x000007fed3740154)
0x000007fed3740134:   f6 c6 01 74 07 e8 82 b3 02 00 eb 06 ff 15 5a dc
0x000007fed3740144:   60 00 48 8b c8 e8 12 f3 fa ff 48 8b d7 48 8b c8
0x000007fed3740154:   4c 8b 00 41 ff 90 b0 00 00 00 48 39 6f 08 75 32
0x000007fed3740164:   48 8d 44 24 70 48 89 7c 24 30 48 89 44 24 28 48 


Stack slot to memory mapping:
stack at sp + 0 slots: 0x0000000035e2a800 is a thread
stack at sp + 1 slots: 0x00000000377dbff0 is pointing into the stack for thread: 0x0000000035e2a800
stack at sp + 2 slots: 0x0000000000000033 is an unknown value
stack at sp + 3 slots: 0x0000000000000100 is an unknown value
stack at sp + 4 slots: 0x0000000035e2a800 is a thread
stack at sp + 5 slots: 0x0000000000000017 is an unknown value
stack at sp + 6 slots: {method} {0x0000000036cd9a70} '_getMainScreen' '(Lcom/sun/glass/ui/Screen;)Lcom/sun/glass/ui/Screen;' in 'com/sun/glass/ui/win/WinScreen'
stack at sp + 7 slots: 0x0 is NULL


---------------  P R O C E S S  ---------------

Threads class SMR info:
_java_thread_list=0x0000000036356760, length=23, elements={
0x0000000031f33800, 0x0000000031f35000, 0x0000000031fac000, 0x0000000031fad000,
0x0000000031fb0000, 0x0000000031fb6000, 0x0000000031fb7000, 0x0000000032111800,
0x000000003216b800, 0x000000003342d800, 0x0000000033782800, 0x0000000033783800,
0x0000000033784000, 0x0000000035d0b800, 0x00000000359bf800, 0x0000000035ea4000,
0x0000000035e2a800, 0x0000000033943800, 0x00000000360ca000, 0x0000000035e28000,
0x0000000035d03000, 0x0000000035d04000, 0x0000000035d05000
}

Java Threads: ( => current thread )
  0x0000000031f33800 JavaThread "Reference Handler" daemon [_thread_blocked, id=2316, stack(0x0000000032220000,0x0000000032320000)]
  0x0000000031f35000 JavaThread "Finalizer" daemon [_thread_blocked, id=14580, stack(0x0000000032370000,0x0000000032470000)]
  0x0000000031fac000 JavaThread "Signal Dispatcher" daemon [_thread_blocked, id=10440, stack(0x0000000032530000,0x0000000032630000)]
  0x0000000031fad000 JavaThread "Attach Listener" daemon [_thread_blocked, id=9284, stack(0x0000000032750000,0x0000000032850000)]
  0x0000000031fb0000 JavaThread "C2 CompilerThread0" daemon [_thread_in_native, id=13992, stack(0x0000000032900000,0x0000000032a00000)]
  0x0000000031fb6000 JavaThread "C1 CompilerThread0" daemon [_thread_blocked, id=16112, stack(0x0000000032b60000,0x0000000032c60000)]
  0x0000000031fb7000 JavaThread "Sweeper thread" daemon [_thread_blocked, id=12040, stack(0x0000000032d10000,0x0000000032e10000)]
  0x0000000032111800 JavaThread "Service Thread" daemon [_thread_blocked, id=6168, stack(0x0000000032eb0000,0x0000000032fb0000)]
  0x000000003216b800 JavaThread "Common-Cleaner" daemon [_thread_blocked, id=17640, stack(0x0000000033040000,0x0000000033140000)]
  0x000000003342d800 JavaThread "C2 CompilerThread1" daemon [_thread_blocked, id=9620, stack(0x0000000033b80000,0x0000000033c80000)]
  0x0000000033782800 JavaThread "Java2D Disposer" daemon [_thread_blocked, id=9120, stack(0x0000000033f50000,0x0000000034050000)]
  0x0000000033783800 JavaThread "AWT-Shutdown" [_thread_blocked, id=14172, stack(0x0000000034090000,0x0000000034190000)]
  0x0000000033784000 JavaThread "AWT-Windows" daemon [_thread_in_native, id=14276, stack(0x00000000342c0000,0x00000000343c0000)]
  0x0000000035d0b800 JavaThread "AWT-EventQueue-0" [_thread_blocked, id=8488, stack(0x00000000343d0000,0x00000000344d0000)]
  0x00000000359bf800 JavaThread "QuantumRenderer-0" daemon [_thread_blocked, id=8852, stack(0x0000000036e60000,0x0000000036f60000)]
  0x0000000035ea4000 JavaThread "Disposer" daemon [_thread_blocked, id=2892, stack(0x0000000037130000,0x0000000037230000)]
=>0x0000000035e2a800 JavaThread "JavaFX Application Thread" [_thread_in_vm, id=15400, stack(0x00000000376e0000,0x00000000377e0000)]
  0x0000000033943800 JavaThread "Thread-1" daemon [_thread_in_native, id=9492, stack(0x0000000039020000,0x0000000039120000)]
  0x00000000360ca000 JavaThread "SwingWorker-pool-2-thread-1" daemon [_thread_blocked, id=16604, stack(0x0000000039ab0000,0x0000000039bb0000)]
  0x0000000035e28000 JavaThread "TimerQueue" daemon [_thread_blocked, id=12240, stack(0x0000000039fe0000,0x000000003a0e0000)]
  0x0000000035d03000 JavaThread "Prism Font Disposer" daemon [_thread_blocked, id=18356, stack(0x000000003a4f0000,0x000000003a5f0000)]
  0x0000000035d04000 JavaThread "Image Fetcher 0" daemon [_thread_blocked, id=15724, stack(0x000000003a680000,0x000000003a780000)]
  0x0000000035d05000 JavaThread "DestroyJavaVM" [_thread_blocked, id=17296, stack(0x0000000002e60000,0x0000000002f60000)]

Other Threads:
  0x0000000031f31000 VMThread "VM Thread" [stack: 0x0000000031410000,0x0000000031510000] [id=16660]
  0x0000000032112000 WatcherThread [stack: 0x0000000032a10000,0x0000000032b10000] [id=14212]
  0x000000000016f000 GCTaskThread "GC Thread#0" [stack: 0x0000000003560000,0x0000000003660000] [id=15092]
  0x0000000035e2b800 GCTaskThread "GC Thread#1" [stack: 0x0000000039360000,0x0000000039460000] [id=11960]
  0x0000000035e2c000 GCTaskThread "GC Thread#2" [stack: 0x00000000394e0000,0x00000000395e0000] [id=15124]
  0x0000000035e2d000 GCTaskThread "GC Thread#3" [stack: 0x0000000039610000,0x0000000039710000] [id=8112]
  0x0000000035e2d800 GCTaskThread "GC Thread#4" [stack: 0x0000000039790000,0x0000000039890000] [id=12712]
  0x0000000035e2e800 GCTaskThread "GC Thread#5" [stack: 0x0000000039920000,0x0000000039a20000] [id=1388]
  0x0000000035e2f000 GCTaskThread "GC Thread#6" [stack: 0x0000000039bb0000,0x0000000039cb0000] [id=4644]
  0x0000000035e2f800 GCTaskThread "GC Thread#7" [stack: 0x0000000039d90000,0x0000000039e90000] [id=9300]
  0x000000000271c000 ConcurrentGCThread "G1 Main Marker" [stack: 0x000000002e5e0000,0x000000002e6e0000] [id=18224]
  0x0000000002727000 ConcurrentGCThread "G1 Conc#0" [stack: 0x000000002e7f0000,0x000000002e8f0000] [id=11496]
  0x0000000035e30800 ConcurrentGCThread "G1 Conc#1" [stack: 0x000000003a3b0000,0x000000003a4b0000] [id=10876]
  0x00000000310bd800 ConcurrentGCThread "G1 Refine#0" [stack: 0x0000000031310000,0x0000000031410000] [id=16152]
  0x00000000310c2000 ConcurrentGCThread "G1 Young RemSet Sampling" [stack: 0x0000000031520000,0x0000000031620000] [id=12148]

Threads with active compile tasks:
C2 CompilerThread01589   !   4       com.sun.javafx.css.ParsedValue::readBinary (621 bytes)

VM state:not at safepoint (normal execution)

VM Mutex/Monitor currently owned by a thread: None

Heap address: 0x0000000601600000, size: 8170 MB, Compressed Oops mode: Zero based, Oop shift amount: 3
Narrow klass base: 0x0000000800000000, Narrow klass shift: 0
Compressed class space size: 1073741824 Address: 0x0000000800000000

Heap:
 garbage-first heap   total 524288K, used 47311K [0x0000000601600000, 0x0000000800000000)
  region size 2048K, 12 young (24576K), 3 survivors (6144K)
 Metaspace       used 27047K, capacity 27580K, committed 27648K, reserved 1073152K
  class space    used 3308K, capacity 3536K, committed 3584K, reserved 1048576K
Heap Regions: E=young(eden), S=young(survivor), O=old, HS=humongous(starts), HC=humongous(continues), CS=collection set, F=free, A=archive, TAMS=top-at-mark-start (previous, next)
|   0|0x0000000601600000, 0x00000006017df200, 0x0000000601800000| 93%| O|  |TAMS 0x00000006017df200, 0x0000000601600000| Untracked 
|   1|0x0000000601800000, 0x0000000601a00000, 0x0000000601a00000|100%|HS|  |TAMS 0x0000000601800000, 0x0000000601800000| Complete 
|   2|0x0000000601a00000, 0x0000000601c00000, 0x0000000601c00000|100%|HC|  |TAMS 0x0000000601a00000, 0x0000000601a00000| Complete 
|   3|0x0000000601c00000, 0x0000000601e00000, 0x0000000601e00000|100%|HS|  |TAMS 0x0000000601c00000, 0x0000000601c00000| Complete 
|   4|0x0000000601e00000, 0x0000000602000000, 0x0000000602000000|100%|HC|  |TAMS 0x0000000601e00000, 0x0000000601e00000| Complete 
|   5|0x0000000602000000, 0x0000000602200000, 0x0000000602200000|100%|HS|  |TAMS 0x0000000602000000, 0x0000000602000000| Complete 
|   6|0x0000000602200000, 0x0000000602400000, 0x0000000602400000|100%|HC|  |TAMS 0x0000000602200000, 0x0000000602200000| Complete 
|   7|0x0000000602400000, 0x0000000602600000, 0x0000000602600000|100%|HS|  |TAMS 0x0000000602400000, 0x0000000602400000| Complete 
|   8|0x0000000602600000, 0x0000000602800000, 0x0000000602800000|100%|HC|  |TAMS 0x0000000602600000, 0x0000000602600000| Complete 
|   9|0x0000000602800000, 0x0000000602a00000, 0x0000000602a00000|100%|HS|  |TAMS 0x0000000602800000, 0x0000000602800000| Complete 
|  10|0x0000000602a00000, 0x0000000602c00000, 0x0000000602c00000|100%|HC|  |TAMS 0x0000000602a00000, 0x0000000602a00000| Complete 
|  11|0x0000000602c00000, 0x0000000602e00000, 0x0000000602e00000|100%|HS|  |TAMS 0x0000000602c00000, 0x0000000602c00000| Complete 
|  12|0x0000000602e00000, 0x0000000603000000, 0x0000000603000000|100%|HC|  |TAMS 0x0000000602e00000, 0x0000000602e00000| Complete 
|  13|0x0000000603000000, 0x0000000603000000, 0x0000000603200000|  0%| F|  |TAMS 0x0000000603000000, 0x0000000603000000| Untracked 
|  14|0x0000000603200000, 0x0000000603200000, 0x0000000603400000|  0%| F|  |TAMS 0x0000000603200000, 0x0000000603200000| Untracked 
|  15|0x0000000603400000, 0x0000000603400000, 0x0000000603600000|  0%| F|  |TAMS 0x0000000603400000, 0x0000000603400000| Untracked 
|  16|0x0000000603600000, 0x0000000603600000, 0x0000000603800000|  0%| F|  |TAMS 0x0000000603600000, 0x0000000603600000| Untracked 
|  17|0x0000000603800000, 0x0000000603800000, 0x0000000603a00000|  0%| F|  |TAMS 0x0000000603800000, 0x0000000603800000| Untracked 
|  18|0x0000000603a00000, 0x0000000603a00000, 0x0000000603c00000|  0%| F|  |TAMS 0x0000000603a00000, 0x0000000603a00000| Untracked 
|  19|0x0000000603c00000, 0x0000000603c00000, 0x0000000603e00000|  0%| F|  |TAMS 0x0000000603c00000, 0x0000000603c00000| Untracked 
|  20|0x0000000603e00000, 0x0000000603e00000, 0x0000000604000000|  0%| F|  |TAMS 0x0000000603e00000, 0x0000000603e00000| Untracked 
|  21|0x0000000604000000, 0x0000000604000000, 0x0000000604200000|  0%| F|  |TAMS 0x0000000604000000, 0x0000000604000000| Untracked 
|  22|0x0000000604200000, 0x0000000604200000, 0x0000000604400000|  0%| F|  |TAMS 0x0000000604200000, 0x0000000604200000| Untracked 
|  23|0x0000000604400000, 0x0000000604400000, 0x0000000604600000|  0%| F|  |TAMS 0x0000000604400000, 0x0000000604400000| Untracked 
|  24|0x0000000604600000, 0x0000000604600000, 0x0000000604800000|  0%| F|  |TAMS 0x0000000604600000, 0x0000000604600000| Untracked 
|  25|0x0000000604800000, 0x0000000604800000, 0x0000000604a00000|  0%| F|  |TAMS 0x0000000604800000, 0x0000000604800000| Untracked 
|  26|0x0000000604a00000, 0x0000000604a00000, 0x0000000604c00000|  0%| F|  |TAMS 0x0000000604a00000, 0x0000000604a00000| Untracked 
|  27|0x0000000604c00000, 0x0000000604c00000, 0x0000000604e00000|  0%| F|  |TAMS 0x0000000604c00000, 0x0000000604c00000| Untracked 
|  28|0x0000000604e00000, 0x0000000604e00000, 0x0000000605000000|  0%| F|  |TAMS 0x0000000604e00000, 0x0000000604e00000| Untracked 
|  29|0x0000000605000000, 0x0000000605000000, 0x0000000605200000|  0%| F|  |TAMS 0x0000000605000000, 0x0000000605000000| Untracked 
|  30|0x0000000605200000, 0x0000000605200000, 0x0000000605400000|  0%| F|  |TAMS 0x0000000605200000, 0x0000000605200000| Untracked 
|  31|0x0000000605400000, 0x0000000605400000, 0x0000000605600000|  0%| F|  |TAMS 0x0000000605400000, 0x0000000605400000| Untracked 
|  32|0x0000000605600000, 0x0000000605600000, 0x0000000605800000|  0%| F|  |TAMS 0x0000000605600000, 0x0000000605600000| Untracked 
|  33|0x0000000605800000, 0x0000000605800000, 0x0000000605a00000|  0%| F|  |TAMS 0x0000000605800000, 0x0000000605800000| Untracked 
|  34|0x0000000605a00000, 0x0000000605a00000, 0x0000000605c00000|  0%| F|  |TAMS 0x0000000605a00000, 0x0000000605a00000| Untracked 
|  35|0x0000000605c00000, 0x0000000605c00000, 0x0000000605e00000|  0%| F|  |TAMS 0x0000000605c00000, 0x0000000605c00000| Untracked 
|  36|0x0000000605e00000, 0x0000000605e00000, 0x0000000606000000|  0%| F|  |TAMS 0x0000000605e00000, 0x0000000605e00000| Untracked 
|  37|0x0000000606000000, 0x0000000606000000, 0x0000000606200000|  0%| F|  |TAMS 0x0000000606000000, 0x0000000606000000| Untracked 
|  38|0x0000000606200000, 0x0000000606200000, 0x0000000606400000|  0%| F|  |TAMS 0x0000000606200000, 0x0000000606200000| Untracked 
|  39|0x0000000606400000, 0x0000000606400000, 0x0000000606600000|  0%| F|  |TAMS 0x0000000606400000, 0x0000000606400000| Untracked 
|  40|0x0000000606600000, 0x0000000606600000, 0x0000000606800000|  0%| F|  |TAMS 0x0000000606600000, 0x0000000606600000| Untracked 
|  41|0x0000000606800000, 0x0000000606800000, 0x0000000606a00000|  0%| F|  |TAMS 0x0000000606800000, 0x0000000606800000| Untracked 
|  42|0x0000000606a00000, 0x0000000606a00000, 0x0000000606c00000|  0%| F|  |TAMS 0x0000000606a00000, 0x0000000606a00000| Untracked 
|  43|0x0000000606c00000, 0x0000000606c00000, 0x0000000606e00000|  0%| F|  |TAMS 0x0000000606c00000, 0x0000000606c00000| Untracked 
|  44|0x0000000606e00000, 0x0000000606e00000, 0x0000000607000000|  0%| F|  |TAMS 0x0000000606e00000, 0x0000000606e00000| Untracked 
|  45|0x0000000607000000, 0x0000000607000000, 0x0000000607200000|  0%| F|  |TAMS 0x0000000607000000, 0x0000000607000000| Untracked 
|  46|0x0000000607200000, 0x0000000607200000, 0x0000000607400000|  0%| F|  |TAMS 0x0000000607200000, 0x0000000607200000| Untracked 
|  47|0x0000000607400000, 0x0000000607400000, 0x0000000607600000|  0%| F|  |TAMS 0x0000000607400000, 0x0000000607400000| Untracked 
|  48|0x0000000607600000, 0x0000000607600000, 0x0000000607800000|  0%| F|  |TAMS 0x0000000607600000, 0x0000000607600000| Untracked 
|  49|0x0000000607800000, 0x0000000607800000, 0x0000000607a00000|  0%| F|  |TAMS 0x0000000607800000, 0x0000000607800000| Untracked 
|  50|0x0000000607a00000, 0x0000000607a00000, 0x0000000607c00000|  0%| F|  |TAMS 0x0000000607a00000, 0x0000000607a00000| Untracked 
|  51|0x0000000607c00000, 0x0000000607c00000, 0x0000000607e00000|  0%| F|  |TAMS 0x0000000607c00000, 0x0000000607c00000| Untracked 
|  52|0x0000000607e00000, 0x0000000607e00000, 0x0000000608000000|  0%| F|  |TAMS 0x0000000607e00000, 0x0000000607e00000| Untracked 
|  53|0x0000000608000000, 0x0000000608000000, 0x0000000608200000|  0%| F|  |TAMS 0x0000000608000000, 0x0000000608000000| Untracked 
|  54|0x0000000608200000, 0x0000000608200000, 0x0000000608400000|  0%| F|  |TAMS 0x0000000608200000, 0x0000000608200000| Untracked 
|  55|0x0000000608400000, 0x0000000608400000, 0x0000000608600000|  0%| F|  |TAMS 0x0000000608400000, 0x0000000608400000| Untracked 
|  56|0x0000000608600000, 0x0000000608600000, 0x0000000608800000|  0%| F|  |TAMS 0x0000000608600000, 0x0000000608600000| Untracked 
|  57|0x0000000608800000, 0x0000000608800000, 0x0000000608a00000|  0%| F|  |TAMS 0x0000000608800000, 0x0000000608800000| Untracked 
|  58|0x0000000608a00000, 0x0000000608a00000, 0x0000000608c00000|  0%| F|  |TAMS 0x0000000608a00000, 0x0000000608a00000| Untracked 
|  59|0x0000000608c00000, 0x0000000608c00000, 0x0000000608e00000|  0%| F|  |TAMS 0x0000000608c00000, 0x0000000608c00000| Untracked 
|  60|0x0000000608e00000, 0x0000000608e00000, 0x0000000609000000|  0%| F|  |TAMS 0x0000000608e00000, 0x0000000608e00000| Untracked 
|  61|0x0000000609000000, 0x0000000609000000, 0x0000000609200000|  0%| F|  |TAMS 0x0000000609000000, 0x0000000609000000| Untracked 
|  62|0x0000000609200000, 0x0000000609200000, 0x0000000609400000|  0%| F|  |TAMS 0x0000000609200000, 0x0000000609200000| Untracked 
|  63|0x0000000609400000, 0x0000000609400000, 0x0000000609600000|  0%| F|  |TAMS 0x0000000609400000, 0x0000000609400000| Untracked 
|  64|0x0000000609600000, 0x0000000609600000, 0x0000000609800000|  0%| F|  |TAMS 0x0000000609600000, 0x0000000609600000| Untracked 
|  65|0x0000000609800000, 0x0000000609800000, 0x0000000609a00000|  0%| F|  |TAMS 0x0000000609800000, 0x0000000609800000| Untracked 
|  66|0x0000000609a00000, 0x0000000609a00000, 0x0000000609c00000|  0%| F|  |TAMS 0x0000000609a00000, 0x0000000609a00000| Untracked 
|  67|0x0000000609c00000, 0x0000000609c00000, 0x0000000609e00000|  0%| F|  |TAMS 0x0000000609c00000, 0x0000000609c00000| Untracked 
|  68|0x0000000609e00000, 0x0000000609e00000, 0x000000060a000000|  0%| F|  |TAMS 0x0000000609e00000, 0x0000000609e00000| Untracked 
|  69|0x000000060a000000, 0x000000060a000000, 0x000000060a200000|  0%| F|  |TAMS 0x000000060a000000, 0x000000060a000000| Untracked 
|  70|0x000000060a200000, 0x000000060a200000, 0x000000060a400000|  0%| F|  |TAMS 0x000000060a200000, 0x000000060a200000| Untracked 
|  71|0x000000060a400000, 0x000000060a400000, 0x000000060a600000|  0%| F|  |TAMS 0x000000060a400000, 0x000000060a400000| Untracked 
|  72|0x000000060a600000, 0x000000060a600000, 0x000000060a800000|  0%| F|  |TAMS 0x000000060a600000, 0x000000060a600000| Untracked 
|  73|0x000000060a800000, 0x000000060a800000, 0x000000060aa00000|  0%| F|  |TAMS 0x000000060a800000, 0x000000060a800000| Untracked 
|  74|0x000000060aa00000, 0x000000060aa00000, 0x000000060ac00000|  0%| F|  |TAMS 0x000000060aa00000, 0x000000060aa00000| Untracked 
|  75|0x000000060ac00000, 0x000000060ac00000, 0x000000060ae00000|  0%| F|  |TAMS 0x000000060ac00000, 0x000000060ac00000| Untracked 
|  76|0x000000060ae00000, 0x000000060ae00000, 0x000000060b000000|  0%| F|  |TAMS 0x000000060ae00000, 0x000000060ae00000| Untracked 
|  77|0x000000060b000000, 0x000000060b000000, 0x000000060b200000|  0%| F|  |TAMS 0x000000060b000000, 0x000000060b000000| Untracked 
|  78|0x000000060b200000, 0x000000060b200000, 0x000000060b400000|  0%| F|  |TAMS 0x000000060b200000, 0x000000060b200000| Untracked 
|  79|0x000000060b400000, 0x000000060b400000, 0x000000060b600000|  0%| F|  |TAMS 0x000000060b400000, 0x000000060b400000| Untracked 
|  80|0x000000060b600000, 0x000000060b600000, 0x000000060b800000|  0%| F|  |TAMS 0x000000060b600000, 0x000000060b600000| Untracked 
|  81|0x000000060b800000, 0x000000060b800000, 0x000000060ba00000|  0%| F|  |TAMS 0x000000060b800000, 0x000000060b800000| Untracked 
|  82|0x000000060ba00000, 0x000000060ba00000, 0x000000060bc00000|  0%| F|  |TAMS 0x000000060ba00000, 0x000000060ba00000| Untracked 
|  83|0x000000060bc00000, 0x000000060bc00000, 0x000000060be00000|  0%| F|  |TAMS 0x000000060bc00000, 0x000000060bc00000| Untracked 
|  84|0x000000060be00000, 0x000000060be00000, 0x000000060c000000|  0%| F|  |TAMS 0x000000060be00000, 0x000000060be00000| Untracked 
|  85|0x000000060c000000, 0x000000060c000000, 0x000000060c200000|  0%| F|  |TAMS 0x000000060c000000, 0x000000060c000000| Untracked 
|  86|0x000000060c200000, 0x000000060c200000, 0x000000060c400000|  0%| F|  |TAMS 0x000000060c200000, 0x000000060c200000| Untracked 
|  87|0x000000060c400000, 0x000000060c400000, 0x000000060c600000|  0%| F|  |TAMS 0x000000060c400000, 0x000000060c400000| Untracked 
|  88|0x000000060c600000, 0x000000060c600000, 0x000000060c800000|  0%| F|  |TAMS 0x000000060c600000, 0x000000060c600000| Untracked 
|  89|0x000000060c800000, 0x000000060c800000, 0x000000060ca00000|  0%| F|  |TAMS 0x000000060c800000, 0x000000060c800000| Untracked 
|  90|0x000000060ca00000, 0x000000060ca00000, 0x000000060cc00000|  0%| F|  |TAMS 0x000000060ca00000, 0x000000060ca00000| Untracked 
|  91|0x000000060cc00000, 0x000000060cc00000, 0x000000060ce00000|  0%| F|  |TAMS 0x000000060cc00000, 0x000000060cc00000| Untracked 
|  92|0x000000060ce00000, 0x000000060ce00000, 0x000000060d000000|  0%| F|  |TAMS 0x000000060ce00000, 0x000000060ce00000| Untracked 
|  93|0x000000060d000000, 0x000000060d000000, 0x000000060d200000|  0%| F|  |TAMS 0x000000060d000000, 0x000000060d000000| Untracked 
|  94|0x000000060d200000, 0x000000060d200000, 0x000000060d400000|  0%| F|  |TAMS 0x000000060d200000, 0x000000060d200000| Untracked 
|  95|0x000000060d400000, 0x000000060d400000, 0x000000060d600000|  0%| F|  |TAMS 0x000000060d400000, 0x000000060d400000| Untracked 
|  96|0x000000060d600000, 0x000000060d600000, 0x000000060d800000|  0%| F|  |TAMS 0x000000060d600000, 0x000000060d600000| Untracked 
|  97|0x000000060d800000, 0x000000060d800000, 0x000000060da00000|  0%| F|  |TAMS 0x000000060d800000, 0x000000060d800000| Untracked 
|  98|0x000000060da00000, 0x000000060da00000, 0x000000060dc00000|  0%| F|  |TAMS 0x000000060da00000, 0x000000060da00000| Untracked 
|  99|0x000000060dc00000, 0x000000060dc00000, 0x000000060de00000|  0%| F|  |TAMS 0x000000060dc00000, 0x000000060dc00000| Untracked 
| 100|0x000000060de00000, 0x000000060de00000, 0x000000060e000000|  0%| F|  |TAMS 0x000000060de00000, 0x000000060de00000| Untracked 
| 101|0x000000060e000000, 0x000000060e000000, 0x000000060e200000|  0%| F|  |TAMS 0x000000060e000000, 0x000000060e000000| Untracked 
| 102|0x000000060e200000, 0x000000060e200000, 0x000000060e400000|  0%| F|  |TAMS 0x000000060e200000, 0x000000060e200000| Untracked 
| 103|0x000000060e400000, 0x000000060e400000, 0x000000060e600000|  0%| F|  |TAMS 0x000000060e400000, 0x000000060e400000| Untracked 
| 104|0x000000060e600000, 0x000000060e600000, 0x000000060e800000|  0%| F|  |TAMS 0x000000060e600000, 0x000000060e600000| Untracked 
| 105|0x000000060e800000, 0x000000060e800000, 0x000000060ea00000|  0%| F|  |TAMS 0x000000060e800000, 0x000000060e800000| Untracked 
| 106|0x000000060ea00000, 0x000000060ea00000, 0x000000060ec00000|  0%| F|  |TAMS 0x000000060ea00000, 0x000000060ea00000| Untracked 
| 107|0x000000060ec00000, 0x000000060ec00000, 0x000000060ee00000|  0%| F|  |TAMS 0x000000060ec00000, 0x000000060ec00000| Untracked 
| 108|0x000000060ee00000, 0x000000060ee00000, 0x000000060f000000|  0%| F|  |TAMS 0x000000060ee00000, 0x000000060ee00000| Untracked 
| 109|0x000000060f000000, 0x000000060f000000, 0x000000060f200000|  0%| F|  |TAMS 0x000000060f000000, 0x000000060f000000| Untracked 
| 110|0x000000060f200000, 0x000000060f200000, 0x000000060f400000|  0%| F|  |TAMS 0x000000060f200000, 0x000000060f200000| Untracked 
| 111|0x000000060f400000, 0x000000060f400000, 0x000000060f600000|  0%| F|  |TAMS 0x000000060f400000, 0x000000060f400000| Untracked 
| 112|0x000000060f600000, 0x000000060f600000, 0x000000060f800000|  0%| F|  |TAMS 0x000000060f600000, 0x000000060f600000| Untracked 
| 113|0x000000060f800000, 0x000000060f800000, 0x000000060fa00000|  0%| F|  |TAMS 0x000000060f800000, 0x000000060f800000| Untracked 
| 114|0x000000060fa00000, 0x000000060fa00000, 0x000000060fc00000|  0%| F|  |TAMS 0x000000060fa00000, 0x000000060fa00000| Untracked 
| 115|0x000000060fc00000, 0x000000060fc00000, 0x000000060fe00000|  0%| F|  |TAMS 0x000000060fc00000, 0x000000060fc00000| Untracked 
| 116|0x000000060fe00000, 0x000000060fe00000, 0x0000000610000000|  0%| F|  |TAMS 0x000000060fe00000, 0x000000060fe00000| Untracked 
| 117|0x0000000610000000, 0x0000000610000000, 0x0000000610200000|  0%| F|  |TAMS 0x0000000610000000, 0x0000000610000000| Untracked 
| 118|0x0000000610200000, 0x0000000610200000, 0x0000000610400000|  0%| F|  |TAMS 0x0000000610200000, 0x0000000610200000| Untracked 
| 119|0x0000000610400000, 0x0000000610400000, 0x0000000610600000|  0%| F|  |TAMS 0x0000000610400000, 0x0000000610400000| Untracked 
| 120|0x0000000610600000, 0x0000000610600000, 0x0000000610800000|  0%| F|  |TAMS 0x0000000610600000, 0x0000000610600000| Untracked 
| 121|0x0000000610800000, 0x0000000610800000, 0x0000000610a00000|  0%| F|  |TAMS 0x0000000610800000, 0x0000000610800000| Untracked 
| 122|0x0000000610a00000, 0x0000000610a00000, 0x0000000610c00000|  0%| F|  |TAMS 0x0000000610a00000, 0x0000000610a00000| Untracked 
| 123|0x0000000610c00000, 0x0000000610c00000, 0x0000000610e00000|  0%| F|  |TAMS 0x0000000610c00000, 0x0000000610c00000| Untracked 
| 124|0x0000000610e00000, 0x0000000610e00000, 0x0000000611000000|  0%| F|  |TAMS 0x0000000610e00000, 0x0000000610e00000| Untracked 
| 125|0x0000000611000000, 0x0000000611000000, 0x0000000611200000|  0%| F|  |TAMS 0x0000000611000000, 0x0000000611000000| Untracked 
| 126|0x0000000611200000, 0x0000000611200000, 0x0000000611400000|  0%| F|  |TAMS 0x0000000611200000, 0x0000000611200000| Untracked 
| 127|0x0000000611400000, 0x0000000611400000, 0x0000000611600000|  0%| F|  |TAMS 0x0000000611400000, 0x0000000611400000| Untracked 
| 128|0x0000000611600000, 0x0000000611600000, 0x0000000611800000|  0%| F|  |TAMS 0x0000000611600000, 0x0000000611600000| Untracked 
| 129|0x0000000611800000, 0x0000000611800000, 0x0000000611a00000|  0%| F|  |TAMS 0x0000000611800000, 0x0000000611800000| Untracked 
| 130|0x0000000611a00000, 0x0000000611a00000, 0x0000000611c00000|  0%| F|  |TAMS 0x0000000611a00000, 0x0000000611a00000| Untracked 
| 131|0x0000000611c00000, 0x0000000611c00000, 0x0000000611e00000|  0%| F|  |TAMS 0x0000000611c00000, 0x0000000611c00000| Untracked 
| 132|0x0000000611e00000, 0x0000000611e00000, 0x0000000612000000|  0%| F|  |TAMS 0x0000000611e00000, 0x0000000611e00000| Untracked 
| 133|0x0000000612000000, 0x0000000612000000, 0x0000000612200000|  0%| F|  |TAMS 0x0000000612000000, 0x0000000612000000| Untracked 
| 134|0x0000000612200000, 0x0000000612200000, 0x0000000612400000|  0%| F|  |TAMS 0x0000000612200000, 0x0000000612200000| Untracked 
| 135|0x0000000612400000, 0x0000000612400000, 0x0000000612600000|  0%| F|  |TAMS 0x0000000612400000, 0x0000000612400000| Untracked 
| 136|0x0000000612600000, 0x0000000612600000, 0x0000000612800000|  0%| F|  |TAMS 0x0000000612600000, 0x0000000612600000| Untracked 
| 137|0x0000000612800000, 0x0000000612800000, 0x0000000612a00000|  0%| F|  |TAMS 0x0000000612800000, 0x0000000612800000| Untracked 
| 138|0x0000000612a00000, 0x0000000612a00000, 0x0000000612c00000|  0%| F|  |TAMS 0x0000000612a00000, 0x0000000612a00000| Untracked 
| 139|0x0000000612c00000, 0x0000000612c00000, 0x0000000612e00000|  0%| F|  |TAMS 0x0000000612c00000, 0x0000000612c00000| Untracked 
| 140|0x0000000612e00000, 0x0000000612e00000, 0x0000000613000000|  0%| F|  |TAMS 0x0000000612e00000, 0x0000000612e00000| Untracked 
| 141|0x0000000613000000, 0x0000000613000000, 0x0000000613200000|  0%| F|  |TAMS 0x0000000613000000, 0x0000000613000000| Untracked 
| 142|0x0000000613200000, 0x0000000613200000, 0x0000000613400000|  0%| F|  |TAMS 0x0000000613200000, 0x0000000613200000| Untracked 
| 143|0x0000000613400000, 0x0000000613400000, 0x0000000613600000|  0%| F|  |TAMS 0x0000000613400000, 0x0000000613400000| Untracked 
| 144|0x0000000613600000, 0x0000000613600000, 0x0000000613800000|  0%| F|  |TAMS 0x0000000613600000, 0x0000000613600000| Untracked 
| 145|0x0000000613800000, 0x0000000613800000, 0x0000000613a00000|  0%| F|  |TAMS 0x0000000613800000, 0x0000000613800000| Untracked 
| 146|0x0000000613a00000, 0x0000000613a00000, 0x0000000613c00000|  0%| F|  |TAMS 0x0000000613a00000, 0x0000000613a00000| Untracked 
| 147|0x0000000613c00000, 0x0000000613c00000, 0x0000000613e00000|  0%| F|  |TAMS 0x0000000613c00000, 0x0000000613c00000| Untracked 
| 148|0x0000000613e00000, 0x0000000613e00000, 0x0000000614000000|  0%| F|  |TAMS 0x0000000613e00000, 0x0000000613e00000| Untracked 
| 149|0x0000000614000000, 0x0000000614000000, 0x0000000614200000|  0%| F|  |TAMS 0x0000000614000000, 0x0000000614000000| Untracked 
| 150|0x0000000614200000, 0x0000000614200000, 0x0000000614400000|  0%| F|  |TAMS 0x0000000614200000, 0x0000000614200000| Untracked 
| 151|0x0000000614400000, 0x0000000614400000, 0x0000000614600000|  0%| F|  |TAMS 0x0000000614400000, 0x0000000614400000| Untracked 
| 152|0x0000000614600000, 0x0000000614600000, 0x0000000614800000|  0%| F|  |TAMS 0x0000000614600000, 0x0000000614600000| Untracked 
| 153|0x0000000614800000, 0x0000000614800000, 0x0000000614a00000|  0%| F|  |TAMS 0x0000000614800000, 0x0000000614800000| Untracked 
| 154|0x0000000614a00000, 0x0000000614a00000, 0x0000000614c00000|  0%| F|  |TAMS 0x0000000614a00000, 0x0000000614a00000| Untracked 
| 155|0x0000000614c00000, 0x0000000614c00000, 0x0000000614e00000|  0%| F|  |TAMS 0x0000000614c00000, 0x0000000614c00000| Untracked 
| 156|0x0000000614e00000, 0x0000000614e00000, 0x0000000615000000|  0%| F|  |TAMS 0x0000000614e00000, 0x0000000614e00000| Untracked 
| 157|0x0000000615000000, 0x0000000615000000, 0x0000000615200000|  0%| F|  |TAMS 0x0000000615000000, 0x0000000615000000| Untracked 
| 158|0x0000000615200000, 0x0000000615200000, 0x0000000615400000|  0%| F|  |TAMS 0x0000000615200000, 0x0000000615200000| Untracked 
| 159|0x0000000615400000, 0x0000000615400000, 0x0000000615600000|  0%| F|  |TAMS 0x0000000615400000, 0x0000000615400000| Untracked 
| 160|0x0000000615600000, 0x0000000615600000, 0x0000000615800000|  0%| F|  |TAMS 0x0000000615600000, 0x0000000615600000| Untracked 
| 161|0x0000000615800000, 0x0000000615800000, 0x0000000615a00000|  0%| F|  |TAMS 0x0000000615800000, 0x0000000615800000| Untracked 
| 162|0x0000000615a00000, 0x0000000615a00000, 0x0000000615c00000|  0%| F|  |TAMS 0x0000000615a00000, 0x0000000615a00000| Untracked 
| 163|0x0000000615c00000, 0x0000000615c00000, 0x0000000615e00000|  0%| F|  |TAMS 0x0000000615c00000, 0x0000000615c00000| Untracked 
| 164|0x0000000615e00000, 0x0000000615e00000, 0x0000000616000000|  0%| F|  |TAMS 0x0000000615e00000, 0x0000000615e00000| Untracked 
| 165|0x0000000616000000, 0x0000000616000000, 0x0000000616200000|  0%| F|  |TAMS 0x0000000616000000, 0x0000000616000000| Untracked 
| 166|0x0000000616200000, 0x0000000616200000, 0x0000000616400000|  0%| F|  |TAMS 0x0000000616200000, 0x0000000616200000| Untracked 
| 167|0x0000000616400000, 0x0000000616400000, 0x0000000616600000|  0%| F|  |TAMS 0x0000000616400000, 0x0000000616400000| Untracked 
| 168|0x0000000616600000, 0x0000000616600000, 0x0000000616800000|  0%| F|  |TAMS 0x0000000616600000, 0x0000000616600000| Untracked 
| 169|0x0000000616800000, 0x0000000616800000, 0x0000000616a00000|  0%| F|  |TAMS 0x0000000616800000, 0x0000000616800000| Untracked 
| 170|0x0000000616a00000, 0x0000000616a00000, 0x0000000616c00000|  0%| F|  |TAMS 0x0000000616a00000, 0x0000000616a00000| Untracked 
| 171|0x0000000616c00000, 0x0000000616c00000, 0x0000000616e00000|  0%| F|  |TAMS 0x0000000616c00000, 0x0000000616c00000| Untracked 
| 172|0x0000000616e00000, 0x0000000616e00000, 0x0000000617000000|  0%| F|  |TAMS 0x0000000616e00000, 0x0000000616e00000| Untracked 
| 173|0x0000000617000000, 0x0000000617000000, 0x0000000617200000|  0%| F|  |TAMS 0x0000000617000000, 0x0000000617000000| Untracked 
| 174|0x0000000617200000, 0x0000000617200000, 0x0000000617400000|  0%| F|  |TAMS 0x0000000617200000, 0x0000000617200000| Untracked 
| 175|0x0000000617400000, 0x0000000617400000, 0x0000000617600000|  0%| F|  |TAMS 0x0000000617400000, 0x0000000617400000| Untracked 
| 176|0x0000000617600000, 0x0000000617600000, 0x0000000617800000|  0%| F|  |TAMS 0x0000000617600000, 0x0000000617600000| Untracked 
| 177|0x0000000617800000, 0x0000000617800000, 0x0000000617a00000|  0%| F|  |TAMS 0x0000000617800000, 0x0000000617800000| Untracked 
| 178|0x0000000617a00000, 0x0000000617a00000, 0x0000000617c00000|  0%| F|  |TAMS 0x0000000617a00000, 0x0000000617a00000| Untracked 
| 179|0x0000000617c00000, 0x0000000617c00000, 0x0000000617e00000|  0%| F|  |TAMS 0x0000000617c00000, 0x0000000617c00000| Untracked 
| 180|0x0000000617e00000, 0x0000000617e00000, 0x0000000618000000|  0%| F|  |TAMS 0x0000000617e00000, 0x0000000617e00000| Untracked 
| 181|0x0000000618000000, 0x0000000618000000, 0x0000000618200000|  0%| F|  |TAMS 0x0000000618000000, 0x0000000618000000| Untracked 
| 182|0x0000000618200000, 0x0000000618200000, 0x0000000618400000|  0%| F|  |TAMS 0x0000000618200000, 0x0000000618200000| Untracked 
| 183|0x0000000618400000, 0x0000000618400000, 0x0000000618600000|  0%| F|  |TAMS 0x0000000618400000, 0x0000000618400000| Untracked 
| 184|0x0000000618600000, 0x0000000618600000, 0x0000000618800000|  0%| F|  |TAMS 0x0000000618600000, 0x0000000618600000| Untracked 
| 185|0x0000000618800000, 0x0000000618800000, 0x0000000618a00000|  0%| F|  |TAMS 0x0000000618800000, 0x0000000618800000| Untracked 
| 186|0x0000000618a00000, 0x0000000618a00000, 0x0000000618c00000|  0%| F|  |TAMS 0x0000000618a00000, 0x0000000618a00000| Untracked 
| 187|0x0000000618c00000, 0x0000000618c00000, 0x0000000618e00000|  0%| F|  |TAMS 0x0000000618c00000, 0x0000000618c00000| Untracked 
| 188|0x0000000618e00000, 0x0000000618e00000, 0x0000000619000000|  0%| F|  |TAMS 0x0000000618e00000, 0x0000000618e00000| Untracked 
| 189|0x0000000619000000, 0x0000000619000000, 0x0000000619200000|  0%| F|  |TAMS 0x0000000619000000, 0x0000000619000000| Untracked 
| 190|0x0000000619200000, 0x0000000619200000, 0x0000000619400000|  0%| F|  |TAMS 0x0000000619200000, 0x0000000619200000| Untracked 
| 191|0x0000000619400000, 0x0000000619400000, 0x0000000619600000|  0%| F|  |TAMS 0x0000000619400000, 0x0000000619400000| Untracked 
| 192|0x0000000619600000, 0x0000000619600000, 0x0000000619800000|  0%| F|  |TAMS 0x0000000619600000, 0x0000000619600000| Untracked 
| 193|0x0000000619800000, 0x0000000619800000, 0x0000000619a00000|  0%| F|  |TAMS 0x0000000619800000, 0x0000000619800000| Untracked 
| 194|0x0000000619a00000, 0x0000000619a00000, 0x0000000619c00000|  0%| F|  |TAMS 0x0000000619a00000, 0x0000000619a00000| Untracked 
| 195|0x0000000619c00000, 0x0000000619c00000, 0x0000000619e00000|  0%| F|  |TAMS 0x0000000619c00000, 0x0000000619c00000| Untracked 
| 196|0x0000000619e00000, 0x0000000619e00000, 0x000000061a000000|  0%| F|  |TAMS 0x0000000619e00000, 0x0000000619e00000| Untracked 
| 197|0x000000061a000000, 0x000000061a000000, 0x000000061a200000|  0%| F|  |TAMS 0x000000061a000000, 0x000000061a000000| Untracked 
| 198|0x000000061a200000, 0x000000061a200000, 0x000000061a400000|  0%| F|  |TAMS 0x000000061a200000, 0x000000061a200000| Untracked 
| 199|0x000000061a400000, 0x000000061a400000, 0x000000061a600000|  0%| F|  |TAMS 0x000000061a400000, 0x000000061a400000| Untracked 
| 200|0x000000061a600000, 0x000000061a600000, 0x000000061a800000|  0%| F|  |TAMS 0x000000061a600000, 0x000000061a600000| Untracked 
| 201|0x000000061a800000, 0x000000061a800000, 0x000000061aa00000|  0%| F|  |TAMS 0x000000061a800000, 0x000000061a800000| Untracked 
| 202|0x000000061aa00000, 0x000000061aa00000, 0x000000061ac00000|  0%| F|  |TAMS 0x000000061aa00000, 0x000000061aa00000| Untracked 
| 203|0x000000061ac00000, 0x000000061ac00000, 0x000000061ae00000|  0%| F|  |TAMS 0x000000061ac00000, 0x000000061ac00000| Untracked 
| 204|0x000000061ae00000, 0x000000061ae00000, 0x000000061b000000|  0%| F|  |TAMS 0x000000061ae00000, 0x000000061ae00000| Untracked 
| 205|0x000000061b000000, 0x000000061b000000, 0x000000061b200000|  0%| F|  |TAMS 0x000000061b000000, 0x000000061b000000| Untracked 
| 206|0x000000061b200000, 0x000000061b200000, 0x000000061b400000|  0%| F|  |TAMS 0x000000061b200000, 0x000000061b200000| Untracked 
| 207|0x000000061b400000, 0x000000061b400000, 0x000000061b600000|  0%| F|  |TAMS 0x000000061b400000, 0x000000061b400000| Untracked 
| 208|0x000000061b600000, 0x000000061b600000, 0x000000061b800000|  0%| F|  |TAMS 0x000000061b600000, 0x000000061b600000| Untracked 
| 209|0x000000061b800000, 0x000000061b800000, 0x000000061ba00000|  0%| F|  |TAMS 0x000000061b800000, 0x000000061b800000| Untracked 
| 210|0x000000061ba00000, 0x000000061ba00000, 0x000000061bc00000|  0%| F|  |TAMS 0x000000061ba00000, 0x000000061ba00000| Untracked 
| 211|0x000000061bc00000, 0x000000061bc00000, 0x000000061be00000|  0%| F|  |TAMS 0x000000061bc00000, 0x000000061bc00000| Untracked 
| 212|0x000000061be00000, 0x000000061be00000, 0x000000061c000000|  0%| F|  |TAMS 0x000000061be00000, 0x000000061be00000| Untracked 
| 213|0x000000061c000000, 0x000000061c000000, 0x000000061c200000|  0%| F|  |TAMS 0x000000061c000000, 0x000000061c000000| Untracked 
| 214|0x000000061c200000, 0x000000061c200000, 0x000000061c400000|  0%| F|  |TAMS 0x000000061c200000, 0x000000061c200000| Untracked 
| 215|0x000000061c400000, 0x000000061c400000, 0x000000061c600000|  0%| F|  |TAMS 0x000000061c400000, 0x000000061c400000| Untracked 
| 216|0x000000061c600000, 0x000000061c600000, 0x000000061c800000|  0%| F|  |TAMS 0x000000061c600000, 0x000000061c600000| Untracked 
| 217|0x000000061c800000, 0x000000061c800000, 0x000000061ca00000|  0%| F|  |TAMS 0x000000061c800000, 0x000000061c800000| Untracked 
| 218|0x000000061ca00000, 0x000000061ca00000, 0x000000061cc00000|  0%| F|  |TAMS 0x000000061ca00000, 0x000000061ca00000| Untracked 
| 219|0x000000061cc00000, 0x000000061cc00000, 0x000000061ce00000|  0%| F|  |TAMS 0x000000061cc00000, 0x000000061cc00000| Untracked 
| 220|0x000000061ce00000, 0x000000061ce00000, 0x000000061d000000|  0%| F|  |TAMS 0x000000061ce00000, 0x000000061ce00000| Untracked 
| 221|0x000000061d000000, 0x000000061d000000, 0x000000061d200000|  0%| F|  |TAMS 0x000000061d000000, 0x000000061d000000| Untracked 
| 222|0x000000061d200000, 0x000000061d200000, 0x000000061d400000|  0%| F|  |TAMS 0x000000061d200000, 0x000000061d200000| Untracked 
| 223|0x000000061d400000, 0x000000061d400000, 0x000000061d600000|  0%| F|  |TAMS 0x000000061d400000, 0x000000061d400000| Untracked 
| 224|0x000000061d600000, 0x000000061d600000, 0x000000061d800000|  0%| F|  |TAMS 0x000000061d600000, 0x000000061d600000| Untracked 
| 225|0x000000061d800000, 0x000000061d800000, 0x000000061da00000|  0%| F|  |TAMS 0x000000061d800000, 0x000000061d800000| Untracked 
| 226|0x000000061da00000, 0x000000061da00000, 0x000000061dc00000|  0%| F|  |TAMS 0x000000061da00000, 0x000000061da00000| Untracked 
| 227|0x000000061dc00000, 0x000000061dc00000, 0x000000061de00000|  0%| F|  |TAMS 0x000000061dc00000, 0x000000061dc00000| Untracked 
| 228|0x000000061de00000, 0x000000061de00000, 0x000000061e000000|  0%| F|  |TAMS 0x000000061de00000, 0x000000061de00000| Untracked 
| 229|0x000000061e000000, 0x000000061e000000, 0x000000061e200000|  0%| F|  |TAMS 0x000000061e000000, 0x000000061e000000| Untracked 
| 230|0x000000061e200000, 0x000000061e200000, 0x000000061e400000|  0%| F|  |TAMS 0x000000061e200000, 0x000000061e200000| Untracked 
| 231|0x000000061e400000, 0x000000061e400000, 0x000000061e600000|  0%| F|  |TAMS 0x000000061e400000, 0x000000061e400000| Untracked 
| 232|0x000000061e600000, 0x000000061e600000, 0x000000061e800000|  0%| F|  |TAMS 0x000000061e600000, 0x000000061e600000| Untracked 
| 233|0x000000061e800000, 0x000000061e800000, 0x000000061ea00000|  0%| F|  |TAMS 0x000000061e800000, 0x000000061e800000| Untracked 
| 234|0x000000061ea00000, 0x000000061ea00000, 0x000000061ec00000|  0%| F|  |TAMS 0x000000061ea00000, 0x000000061ea00000| Untracked 
| 235|0x000000061ec00000, 0x000000061ec00000, 0x000000061ee00000|  0%| F|  |TAMS 0x000000061ec00000, 0x000000061ec00000| Untracked 
| 236|0x000000061ee00000, 0x000000061ee00000, 0x000000061f000000|  0%| F|  |TAMS 0x000000061ee00000, 0x000000061ee00000| Untracked 
| 237|0x000000061f000000, 0x000000061f000000, 0x000000061f200000|  0%| F|  |TAMS 0x000000061f000000, 0x000000061f000000| Untracked 
| 238|0x000000061f200000, 0x000000061f200000, 0x000000061f400000|  0%| F|  |TAMS 0x000000061f200000, 0x000000061f200000| Untracked 
| 239|0x000000061f400000, 0x000000061f400000, 0x000000061f600000|  0%| F|  |TAMS 0x000000061f400000, 0x000000061f400000| Untracked 
| 240|0x000000061f600000, 0x000000061f600000, 0x000000061f800000|  0%| F|  |TAMS 0x000000061f600000, 0x000000061f600000| Untracked 
| 241|0x000000061f800000, 0x000000061f800000, 0x000000061fa00000|  0%| F|  |TAMS 0x000000061f800000, 0x000000061f800000| Untracked 
| 242|0x000000061fa00000, 0x000000061fa00000, 0x000000061fc00000|  0%| F|  |TAMS 0x000000061fa00000, 0x000000061fa00000| Untracked 
| 243|0x000000061fc00000, 0x000000061fc00000, 0x000000061fe00000|  0%| F|  |TAMS 0x000000061fc00000, 0x000000061fc00000| Untracked 
| 244|0x000000061fe00000, 0x000000061fef0bc8, 0x0000000620000000| 47%| E|  |TAMS 0x000000061fe00000, 0x000000061fe00000| Complete 
| 245|0x0000000620000000, 0x0000000620200000, 0x0000000620200000|100%| E|CS|TAMS 0x0000000620000000, 0x0000000620000000| Complete 
| 246|0x0000000620200000, 0x0000000620400000, 0x0000000620400000|100%| E|CS|TAMS 0x0000000620200000, 0x0000000620200000| Complete 
| 247|0x0000000620400000, 0x0000000620600000, 0x0000000620600000|100%| E|CS|TAMS 0x0000000620400000, 0x0000000620400000| Complete 
| 248|0x0000000620600000, 0x0000000620800000, 0x0000000620800000|100%| E|CS|TAMS 0x0000000620600000, 0x0000000620600000| Complete 
| 249|0x0000000620800000, 0x0000000620854ad0, 0x0000000620a00000| 16%| S|CS|TAMS 0x0000000620800000, 0x0000000620800000| Complete 
| 250|0x0000000620a00000, 0x0000000620c00000, 0x0000000620c00000|100%| S|CS|TAMS 0x0000000620a00000, 0x0000000620a00000| Complete 
| 251|0x0000000620c00000, 0x0000000620e00000, 0x0000000620e00000|100%| S|CS|TAMS 0x0000000620c00000, 0x0000000620c00000| Complete 
| 252|0x0000000620e00000, 0x0000000621000000, 0x0000000621000000|100%| E|CS|TAMS 0x0000000620e00000, 0x0000000620e00000| Complete 
| 253|0x0000000621000000, 0x0000000621200000, 0x0000000621200000|100%| E|CS|TAMS 0x0000000621000000, 0x0000000621000000| Complete 
| 254|0x0000000621200000, 0x0000000621400000, 0x0000000621400000|100%| E|CS|TAMS 0x0000000621200000, 0x0000000621200000| Complete 
| 255|0x0000000621400000, 0x0000000621600000, 0x0000000621600000|100%| E|CS|TAMS 0x0000000621400000, 0x0000000621400000| Complete 

Card table byte_map: [0x000000001c3a0000,0x000000001d3a0000] _byte_map_base: 0x0000000019395000

Marking Bits (Prev, Next): (CMBitMap*) 0x000000000270b340, (CMBitMap*) 0x000000000270b308
 Prev Bits: [0x0000000026350000, 0x000000002e2f8000)
 Next Bits: [0x000000001e3a0000, 0x0000000026348000)

Polling page: 0x0000000002290000

Metaspace:

Usage:
  Non-class:     23.48 MB capacity,    23.18 MB ( 99%) used,   249.34 KB (  1%) free+waste,    55.81 KB ( <1%) overhead. 
      Class:      3.45 MB capacity,     3.23 MB ( 94%) used,   199.84 KB (  6%) free+waste,    27.75 KB ( <1%) overhead. 
       Both:     26.93 MB capacity,    26.41 MB ( 98%) used,   449.17 KB (  2%) free+waste,    83.56 KB ( <1%) overhead. 

Virtual space:
  Non-class space:       24.00 MB reserved,      23.50 MB ( 98%) committed 
      Class space:        1.00 GB reserved,       3.50 MB ( <1%) committed 
             Both:        1.02 GB reserved,      27.00 MB (  3%) committed 

Chunk freelists:
   Non-Class:  2.50 KB
       Class:  2.00 KB
        Both:  4.50 KB

CodeHeap 'non-profiled nmethods': size=120000Kb used=726Kb max_used=726Kb free=119273Kb
 bounds [0x0000000013810000, 0x0000000013a80000, 0x000000001ad40000]
CodeHeap 'profiled nmethods': size=120000Kb used=3997Kb max_used=3997Kb free=116002Kb
 bounds [0x000000000c2e0000, 0x000000000c6d0000, 0x0000000013810000]
CodeHeap 'non-nmethods': size=5760Kb used=1332Kb max_used=1345Kb free=4427Kb
 bounds [0x000000000bd40000, 0x000000000bfb0000, 0x000000000c2e0000]
 total_blobs=3113 nmethods=1965 adapters=655
 compilation: enabled
              stopped_count=0, restarted_count=0
 full_count=0

Compilation events (10 events):
Event: 1.153 Thread 0x0000000031fb6000 1962       3       javax.swing.UIManager::getDefaults (10 bytes)
Event: 1.153 Thread 0x0000000031fb6000 nmethod 1962 0x000000000c6c4d90 code [0x000000000c6c4f60, 0x000000000c6c5100]
Event: 1.153 Thread 0x0000000031fb6000 1963       3       java.awt.Component::getFont_NoClientCode (29 bytes)
Event: 1.153 Thread 0x0000000031fb6000 nmethod 1963 0x000000000c6c5210 code [0x000000000c6c53e0, 0x000000000c6c5750]
Event: 1.153 Thread 0x0000000031fb6000 1964       3       sun.awt.SunHints$Value::hashCode (5 bytes)
Event: 1.153 Thread 0x0000000031fb6000 nmethod 1964 0x000000000c6c5890 code [0x000000000c6c5a40, 0x000000000c6c5bd0]
Event: 1.153 Thread 0x0000000031fb6000 1965       1       java.awt.Component::getGraphicsConfiguration_NoClientCode (5 bytes)
Event: 1.153 Thread 0x0000000031fb6000 nmethod 1965 0x00000000138c5610 code [0x00000000138c57c0, 0x00000000138c58d8]
Event: 1.153 Thread 0x0000000031fb6000 1966       3       java.awt.Component::getFont (5 bytes)
Event: 1.154 Thread 0x0000000031fb6000 nmethod 1966 0x000000000c6c5c90 code [0x000000000c6c5e80, 0x000000000c6c6230]

GC Heap History (4 events):
Event: 0.781 GC heap before
{Heap before GC invocations=0 (full 0):
 garbage-first heap   total 524288K, used 22528K [0x0000000601600000, 0x0000000800000000)
  region size 2048K, 12 young (24576K), 0 survivors (0K)
 Metaspace       used 18756K, capacity 19266K, committed 19456K, reserved 1067008K
  class space    used 2065K, capacity 2257K, committed 2304K, reserved 1048576K
}
Event: 0.788 GC heap after
{Heap after GC invocations=1 (full 0):
 garbage-first heap   total 524288K, used 6012K [0x0000000601600000, 0x0000000800000000)
  region size 2048K, 2 young (4096K), 2 survivors (4096K)
 Metaspace       used 18756K, capacity 19266K, committed 19456K, reserved 1067008K
  class space    used 2065K, capacity 2257K, committed 2304K, reserved 1048576K
}
Event: 0.843 GC heap before
{Heap before GC invocations=1 (full 0):
 garbage-first heap   total 524288K, used 12156K [0x0000000601600000, 0x0000000800000000)
  region size 2048K, 6 young (12288K), 2 survivors (4096K)
 Metaspace       used 20742K, capacity 21236K, committed 21248K, reserved 1069056K
  class space    used 2337K, capacity 2551K, committed 2560K, reserved 1048576K
}
Event: 0.847 GC heap after
{Heap after GC invocations=2 (full 0):
 garbage-first heap   total 524288K, used 6351K [0x0000000601600000, 0x0000000800000000)
  region size 2048K, 3 young (6144K), 3 survivors (6144K)
 Metaspace       used 20742K, capacity 21236K, committed 21248K, reserved 1069056K
  class space    used 2337K, capacity 2551K, committed 2560K, reserved 1048576K
}

Deoptimization events (10 events):
Event: 0.797 Thread 0x000000000268f800 Uncommon trap: reason=unstable_if action=reinterpret pc=0x0000000013873f6c method=java.lang.ref.ReferenceQueue.poll()Ljava/lang/ref/Reference; @ 4 c2
Event: 0.797 Thread 0x000000000268f800 Uncommon trap: reason=unstable_if action=reinterpret pc=0x0000000013862bf8 method=java.lang.ref.ReferenceQueue.poll()Ljava/lang/ref/Reference; @ 4 c2
Event: 0.876 Thread 0x0000000033784000 Uncommon trap: reason=unstable_if action=reinterpret pc=0x0000000013856954 method=java.lang.CharacterDataLatin1.toUpperCase(I)I @ 21 c2
Event: 0.880 Thread 0x000000000268f800 Uncommon trap: reason=unstable_if action=reinterpret pc=0x0000000013871748 method=java.lang.ref.ReferenceQueue.poll()Ljava/lang/ref/Reference; @ 4 c2
Event: 0.887 Thread 0x0000000035e2a800 Uncommon trap: reason=unstable_if action=reinterpret pc=0x000000001387ba98 method=java.util.jar.JarFile.checkForSpecialAttributes()V @ 4 c2
Event: 0.962 Thread 0x000000000268f800 Uncommon trap: reason=intrinsic_or_type_checked_inlining action=make_not_entrant pc=0x00000000138a2180 method=java.util.Arrays.copyOf([Ljava/lang/Object;ILjava/lang/Class;)[Ljava/lang/Object; @ 35 c2
Event: 1.053 Thread 0x0000000035e2a800 Uncommon trap: reason=class_check action=maybe_recompile pc=0x000000001382e770 method=java.lang.String.equals(Ljava/lang/Object;)Z @ 8 c2
Event: 1.053 Thread 0x0000000035e2a800 Uncommon trap: reason=class_check action=maybe_recompile pc=0x000000001382e770 method=java.lang.String.equals(Ljava/lang/Object;)Z @ 8 c2
Event: 1.058 Thread 0x0000000035e2a800 Uncommon trap: reason=class_check action=maybe_recompile pc=0x000000001382e770 method=java.lang.String.equals(Ljava/lang/Object;)Z @ 8 c2
Event: 1.069 Thread 0x0000000035e2a800 Uncommon trap: reason=class_check action=maybe_recompile pc=0x000000001382e770 method=java.lang.String.equals(Ljava/lang/Object;)Z @ 8 c2

Classes redefined (0 events):
No events

Internal exceptions (10 events):
Event: 0.404 Thread 0x000000000268f800 Exception <a 'java/lang/ClassNotFoundException'{0x000000062081bca0}: com/sun/java/swing/plaf/windows/resources/spi/windowsProvider> (0x000000062081bca0) thrown at [t:/workspace/open/src/hotspot/share/classfile/systemDictionary.cpp, line 231]
Event: 0.405 Thread 0x000000000268f800 Exception <a 'java/lang/ClassNotFoundException'{0x0000000620821810}: com/sun/swing/internal/plaf/basic/resources/spi/basicProvider> (0x0000000620821810) thrown at [t:/workspace/open/src/hotspot/share/classfile/systemDictionary.cpp, line 231]
Event: 0.605 Thread 0x000000000268f800 Implicit null exception at 0x0000000013868978 to 0x0000000013868a0a
Event: 0.773 Thread 0x000000000268f800 Exception <a 'java/lang/NullPointerException'{0x000000061ff0ac10}> (0x000000061ff0ac10) thrown at [t:/workspace/open/src/hotspot/share/interpreter/linkResolver.cpp, line 1354]
Event: 0.852 Thread 0x0000000035e2a800 Exception <a 'java/lang/NullPointerException'{0x00000006214f5d18}> (0x00000006214f5d18) thrown at [t:/workspace/open/src/hotspot/share/interpreter/linkResolver.cpp, line 1354]
Event: 0.852 Thread 0x0000000035e2a800 Exception <a 'java/lang/NullPointerException'{0x00000006214f5d18}> (0x00000006214f5d18) thrown at [t:/workspace/open/src/hotspot/share/prims/jvm.cpp, line 1311]
Event: 0.873 Thread 0x000000000268f800 Exception <a 'java/lang/NoClassDefFoundError'{0x00000006212bd0c8}: javax/help/JHelpSearchNavigator> (0x00000006212bd0c8) thrown at [t:/workspace/open/src/hotspot/share/classfile/systemDictionary.cpp, line 220]
Event: 0.873 Thread 0x000000000268f800 Exception <a 'java/lang/reflect/InvocationTargetException'{0x00000006212bd398}> (0x00000006212bd398) thrown at [t:/workspace/open/src/hotspot/share/runtime/reflection.cpp, line 1242]
Event: 0.873 Thread 0x000000000268f800 Exception <a 'java/lang/NoClassDefFoundError'{0x00000006212bd0c8}> (0x00000006212bd0c8) thrown at [t:/workspace/open/src/hotspot/share/prims/jni.cpp, line 615]
Event: 0.893 Thread 0x000000000268f800 Exception <a 'java/lang/NoSuchMethodError'{0x00000006213294d0}: java.lang.invoke.Invokers$Holder.linkToTargetMethod(Ljava/lang/Object;ILjava/lang/Object;)Ljava/lang/Object;> (0x00000006213294d0) thrown at [t:/workspace/open/src/hotspot/share/interpreter/l

Events (10 events):
Event: 1.153 Executing VM operation: RevokeBias
Event: 1.153 Executing VM operation: RevokeBias done
Event: 1.153 Executing VM operation: RevokeBias
Event: 1.153 Executing VM operation: RevokeBias done
Event: 1.153 Executing VM operation: RevokeBias
Event: 1.153 Executing VM operation: RevokeBias done
Event: 1.153 Executing VM operation: RevokeBias
Event: 1.153 Executing VM operation: RevokeBias done
Event: 1.153 Executing VM operation: RevokeBias
Event: 1.153 Executing VM operation: RevokeBias done


Dynamic libraries:
0x000000013f690000 - 0x000000013f6d5000 	C:\jdk-11.0.2\bin\javaw.exe
0x0000000077850000 - 0x00000000779ef000 	C:\Windows\SYSTEM32\ntdll.dll
0x0000000077630000 - 0x000000007774f000 	C:\Windows\system32\kernel32.dll
0x000007fefd6e0000 - 0x000007fefd74a000 	C:\Windows\system32\KERNELBASE.dll
0x0000000077750000 - 0x000000007784a000 	C:\Windows\system32\USER32.dll
0x000007fefdbd0000 - 0x000007fefdc37000 	C:\Windows\system32\GDI32.dll
0x000007fefde10000 - 0x000007fefde1e000 	C:\Windows\system32\LPK.dll
0x000007fefe460000 - 0x000007fefe52b000 	C:\Windows\system32\USP10.dll
0x000007feff7f0000 - 0x000007feff88f000 	C:\Windows\system32\msvcrt.dll
0x000007fefbc30000 - 0x000007fefbe24000 	C:\Windows\WinSxS\amd64_microsoft.windows.common-controls_6595b64144ccf1df_6.0.7601.18837_none_fa3b1e3d17594757\COMCTL32.dll
0x000007feff2c0000 - 0x000007feff331000 	C:\Windows\system32\SHLWAPI.dll
0x000007fefd760000 - 0x000007fefd78e000 	C:\Windows\system32\IMM32.DLL
0x000007fefde20000 - 0x000007fefdf29000 	C:\Windows\system32\MSCTF.dll
0x000007fefd1a0000 - 0x000007fefd302000 	C:\Windows\system32\tmumh\20019\AddOn\8.0.0.1057\TmUmEvt64.dll
0x0000000077a00000 - 0x0000000077a07000 	C:\Windows\system32\PSAPI.DLL
0x000007fefd790000 - 0x000007fefd86b000 	C:\Windows\system32\ADVAPI32.dll
0x000007fefdd90000 - 0x000007fefddaf000 	C:\Windows\SYSTEM32\sechost.dll
0x000007fefdc60000 - 0x000007fefdd8d000 	C:\Windows\system32\RPCRT4.dll
0x000007fefd0f0000 - 0x000007fefd0f3000 	C:\Windows\system32\api-ms-win-core-synch-l1-2-0.DLL
0x0000000074fb0000 - 0x0000000075116000 	C:\Windows\system32\tmumh\20019\TmMon\2.7.3.1011\tmmon64.dll
0x000000006fd20000 - 0x000000006fd23000 	C:\Windows\system32\sfc.dll
0x000007fef9090000 - 0x000007fef90a0000 	C:\Windows\system32\sfc_os.DLL
0x000007fefcd90000 - 0x000007fefcd9c000 	C:\Windows\system32\Version.dll
0x000007fefd870000 - 0x000007fefda47000 	C:\Windows\system32\SETUPAPI.dll
0x000007fefd3e0000 - 0x000007fefd416000 	C:\Windows\system32\CFGMGR32.dll
0x000007fefdaf0000 - 0x000007fefdbca000 	C:\Windows\system32\OLEAUT32.dll
0x000007feff930000 - 0x000007feffb2f000 	C:\Windows\system32\ole32.dll
0x000007fefd3c0000 - 0x000007fefd3da000 	C:\Windows\system32\DEVOBJ.dll
0x000007fefc590000 - 0x000007fefc5a2000 	C:\Windows\system32\DEVRTL.dll
0x000007fef8390000 - 0x000007fef83a6000 	C:\jdk-11.0.2\bin\vcruntime140.dll
0x000007fef84e0000 - 0x000007fef84e4000 	C:\jdk-11.0.2\bin\api-ms-win-crt-runtime-l1-1-0.dll
0x000007fee49c0000 - 0x000007fee4ab6000 	C:\jdk-11.0.2\bin\ucrtbase.DLL
0x000007fef77c0000 - 0x000007fef77c3000 	C:\jdk-11.0.2\bin\api-ms-win-core-localization-l1-2-0.dll
0x000007fef7760000 - 0x000007fef7763000 	C:\jdk-11.0.2\bin\api-ms-win-core-processthreads-l1-1-1.dll
0x000007fef4710000 - 0x000007fef4713000 	C:\jdk-11.0.2\bin\api-ms-win-core-file-l1-2-0.dll
0x000007fef44c0000 - 0x000007fef44c3000 	C:\jdk-11.0.2\bin\api-ms-win-core-timezone-l1-1-0.dll
0x000007fef4410000 - 0x000007fef4413000 	C:\jdk-11.0.2\bin\api-ms-win-core-file-l2-1-0.dll
0x000007fef4400000 - 0x000007fef4404000 	C:\jdk-11.0.2\bin\api-ms-win-crt-string-l1-1-0.dll
0x000007fef43f0000 - 0x000007fef43f3000 	C:\jdk-11.0.2\bin\api-ms-win-crt-heap-l1-1-0.dll
0x000007fef4100000 - 0x000007fef4104000 	C:\jdk-11.0.2\bin\api-ms-win-crt-stdio-l1-1-0.dll
0x000007fef40f0000 - 0x000007fef40f4000 	C:\jdk-11.0.2\bin\api-ms-win-crt-convert-l1-1-0.dll
0x000007fee4910000 - 0x000007fee49ba000 	C:\jdk-11.0.2\bin\msvcp140.dll
0x000007fef40e0000 - 0x000007fef40e3000 	C:\jdk-11.0.2\bin\api-ms-win-crt-locale-l1-1-0.dll
0x000007fef4040000 - 0x000007fef4045000 	C:\jdk-11.0.2\bin\api-ms-win-crt-math-l1-1-0.dll
0x000007fef4030000 - 0x000007fef4035000 	C:\jdk-11.0.2\bin\api-ms-win-crt-multibyte-l1-1-0.dll
0x000007fef3f30000 - 0x000007fef3f33000 	C:\jdk-11.0.2\bin\api-ms-win-crt-time-l1-1-0.dll
0x000007fef3f20000 - 0x000007fef3f23000 	C:\jdk-11.0.2\bin\api-ms-win-crt-filesystem-l1-1-0.dll
0x000007fef3f10000 - 0x000007fef3f13000 	C:\jdk-11.0.2\bin\api-ms-win-crt-environment-l1-1-0.dll
0x000007fef3f00000 - 0x000007fef3f03000 	C:\jdk-11.0.2\bin\api-ms-win-crt-utility-l1-1-0.dll
0x000007fed3360000 - 0x000007fed3e83000 	C:\jdk-11.0.2\bin\server\jvm.dll
0x000007fef9080000 - 0x000007fef9089000 	C:\Windows\system32\WSOCK32.dll
0x000007feff4d0000 - 0x000007feff51d000 	C:\Windows\system32\WS2_32.dll
0x000007feffb30000 - 0x000007feffb38000 	C:\Windows\system32\NSI.dll
0x000007fefb3c0000 - 0x000007fefb3fb000 	C:\Windows\system32\WINMM.dll
0x000007fef24c0000 - 0x000007fef24d1000 	C:\jdk-11.0.2\bin\verify.dll
0x000007fef94c0000 - 0x000007fef95e5000 	C:\Windows\system32\DBGHELP.DLL
0x000007fef0550000 - 0x000007fef0578000 	C:\jdk-11.0.2\bin\java.dll
0x000007fef0500000 - 0x000007fef0516000 	C:\jdk-11.0.2\bin\zip.dll
0x000007fef3a80000 - 0x000007fef3a8a000 	C:\jdk-11.0.2\bin\jimage.dll
0x000007fefe530000 - 0x000007feff2ba000 	C:\Windows\system32\SHELL32.dll
0x000007fefd3b0000 - 0x000007fefd3bf000 	C:\Windows\system32\profapi.dll
0x000007fef0480000 - 0x000007fef0499000 	C:\jdk-11.0.2\bin\net.dll
0x000007fef99e0000 - 0x000007fef9a51000 	C:\Windows\system32\WINHTTP.dll
0x000007fef9970000 - 0x000007fef99d5000 	C:\Windows\system32\webio.dll
0x000007feff340000 - 0x000007feff4c8000 	C:\Windows\system32\urlmon.dll
0x000007fefd480000 - 0x000007fefd484000 	C:\Windows\system32\api-ms-win-downlevel-ole32-l1-1-0.dll
0x000007fefd6b0000 - 0x000007fefd6b4000 	C:\Windows\system32\api-ms-win-downlevel-shlwapi-l1-1-0.dll
0x000007fefd6c0000 - 0x000007fefd6c5000 	C:\Windows\system32\api-ms-win-downlevel-advapi32-l1-1-0.dll
0x000007fefd6d0000 - 0x000007fefd6d4000 	C:\Windows\system32\api-ms-win-downlevel-user32-l1-1-0.dll
0x000007fefd6a0000 - 0x000007fefd6a4000 	C:\Windows\system32\api-ms-win-downlevel-version-l1-1-0.dll
0x00000000022d0000 - 0x00000000022d3000 	C:\Windows\system32\api-ms-win-downlevel-normaliz-l1-1-0.dll
0x00000000022e0000 - 0x00000000022e3000 	C:\Windows\system32\normaliz.DLL
0x000007feff520000 - 0x000007feff7ea000 	C:\Windows\system32\iertutil.dll
0x000007fefdfb0000 - 0x000007fefe45c000 	C:\Windows\system32\WININET.dll
0x000007fefd460000 - 0x000007fefd47e000 	C:\Windows\system32\USERENV.dll
0x000007fefca50000 - 0x000007fefcaa5000 	C:\Windows\system32\mswsock.dll
0x000007fefca40000 - 0x000007fefca47000 	C:\Windows\System32\wship6.dll
0x000007feed5c0000 - 0x000007feed5d3000 	C:\jdk-11.0.2\bin\nio.dll
0x000007fedf380000 - 0x000007fedf51e000 	C:\jdk-11.0.2\bin\awt.dll
0x000007fece890000 - 0x000007fecec54000 	C:\Windows\system32\d2d1.dll
0x000007fefbbd0000 - 0x000007fefbc26000 	C:\Windows\system32\uxtheme.dll
0x000007fefb470000 - 0x000007fefb488000 	C:\Windows\system32\dwmapi.dll
0x000007fefd0c0000 - 0x000007fefd0cf000 	C:\Windows\system32\CRYPTBASE.dll
0x000007fef01d0000 - 0x000007fef02ed000 	C:\Windows\system32\opengl32.dll
0x000007fef03c0000 - 0x000007fef03ed000 	C:\Windows\system32\GLU32.dll
0x000007fef00d0000 - 0x000007fef01c1000 	C:\Windows\system32\DDRAW.dll
0x000007fef0630000 - 0x000007fef0638000 	C:\Windows\system32\DCIMAN32.dll
0x000007feeaf90000 - 0x000007feeb010000 	C:\jdk-11.0.2\bin\freetype.dll
0x000007feead20000 - 0x000007feead8f000 	C:\jdk-11.0.2\bin\fontmanager.dll
0x0000000077e90000 - 0x0000000077f61000 	C:\Entwicklung\workspace\eMaGuiBuilder\javafx\bin\msvcr100.dll
0x000007fef04f0000 - 0x000007fef04ff000 	C:\Entwicklung\workspace\eMaGuiBuilder\javafx\bin\prism-d3d.dll
0x000007fef6fc0000 - 0x000007fef71bf000 	C:\Windows\system32\d3d9.dll
0x000007fef6fb0000 - 0x000007fef6fb7000 	C:\Windows\system32\d3d8thk.dll
0x000007fecca40000 - 0x000007fecd28f000 	C:\Windows\system32\igdumdim64.dll
0x000007fef0c70000 - 0x000007fef10a3000 	C:\Windows\system32\igdusc64.dll
0x000007feeb480000 - 0x000007feeb4b2000 	C:\Entwicklung\workspace\eMaGuiBuilder\javafx\bin\glass.dll
0x000007feff890000 - 0x000007feff927000 	C:\Windows\system32\COMDLG32.dll
0x000007feeaab0000 - 0x000007feeaaff000 	C:\Entwicklung\workspace\eMaGuiBuilder\javafx\bin\javafx-font.dll
0x000007fefda50000 - 0x000007fefdae9000 	C:\Windows\system32\CLBCatQ.DLL
0x000007fefb210000 - 0x000007fefb371000 	C:\Windows\system32\WindowsCodecs.dll
0x000007fefd060000 - 0x000007fefd0b7000 	C:\Windows\system32\apphelp.dll
0x000007fef0a00000 - 0x000007fef0a35000 	C:\Windows\system32\EhStorShell.dll
0x000007fefb640000 - 0x000007fefb76c000 	C:\Windows\system32\PROPSYS.dll
0x000007fef0980000 - 0x000007fef09fe000 	C:\Windows\System32\cscui.dll
0x000007fef7db0000 - 0x000007fef7dbc000 	C:\Windows\System32\CSCDLL.dll
0x000007fef8460000 - 0x000007fef846f000 	C:\Windows\system32\CSCAPI.dll
0x000007fef4e10000 - 0x000007fef4e90000 	C:\Windows\system32\ntshrui.dll
0x000007fefcc50000 - 0x000007fefcc73000 	C:\Windows\system32\srvcli.dll
0x000007fefac80000 - 0x000007fefac8b000 	C:\Windows\system32\slc.dll

dbghelp: loaded successfully - version: 4.0.5 - missing functions: none
symbol engine: initialized successfully - sym options: 0x614 - pdb path: .;C:\jdk-11.0.2\bin;C:\Windows\SYSTEM32;C:\Windows\WinSxS\amd64_microsoft.windows.common-controls_6595b64144ccf1df_6.0.7601.18837_none_fa3b1e3d17594757;C:\Windows\system32\tmumh\20019\AddOn\8.0.0.1057;C:\Windows\system32\tmumh\20019\TmMon\2.7.3.1011;C:\jdk-11.0.2\bin\server;C:\Entwicklung\workspace\eMaGuiBuilder\javafx\bin

VM Arguments:
jvm_args: -Dfile.encoding=Cp1252 
java_command: de.guibuilder.test.framework.GuiChartTest
java_class_path (initial): C:\Entwicklung\workspace\eMaGuiBuilder\bin;C:\Entwicklung\workspace\eMaGuiBuilder\lib\bsh.jar;C:\Entwicklung\workspace\eMaGuiBuilder\lib\forms.jar;C:\Entwicklung\workspace\eMaGuiBuilder\lib\jnet.jar;C:\Entwicklung\workspace\eMaGuiBuilder\lib\kunststoff.jar;C:\Entwicklung\workspace\eMaGuiBuilder\lib\log4j-1.2.8.jar;C:\Entwicklung\workspace\eMaGuiBuilder\lib\pnuts.jar;C:\Entwicklung\workspace\eMaGuiBuilder\lib\servlet.jar;C:\Entwicklung\workspace\eMaGuiBuilder\lib\junit.jar;C:\Entwicklung\workspace\eMaGuiBuilder\lib\commons-collections-3.1.jar;C:\Entwicklung\workspace\eMaGuiBuilder\lib\icons.zip;C:\Entwicklung\workspace\eMaGuiBuilder\lib\hsqldb.jar;C:\Entwicklung\workspace\eMaGuiBuilder\lib\jhbasic.jar;C:\Entwicklung\workspace\eMaGuiBuilder\lib\jep-2.3.0.jar;C:\Entwicklung\workspace\eMaGuiBuilder\lib\l2fprod-common-all.jar;C:\Entwicklung\workspace\eMaGuiBuilder\lib\jasperreports-0.6.5.jar;C:\Entwicklung\workspace\eMaGuiBuilder\lib\winlaf-0.5.1.jar;C:\Entwicklung\workspace\eMaGuiBuilder\lib\TableLayout.jar;C:\Entwicklung\workspace\eMaGuiBuilder\lib\ehcache-2.10.2.jar;C:\Entwicklung\workspace\eMaGuiBuilder\javafx\lib\deploy.jar;C:\Entwicklung\workspace\eMaGuiBuilder\javafx\lib\javaws.jar;C:\Entwicklung\workspace\eMaGuiBuilder\javafx\lib\jfxrt.jar;C:\Entwicklung\workspace\eMaGuiBuilder\javafx\lib\plugin.jar;C:\Entwicklung\workspace\eMaGuiBuilder\lib\sapdbc_7_8_02_39.jar;C:\Entwicklung\workspace\eMaGuiBuilder\lib\tomcat-jdbc.jar;C:\Entwicklung\workspace\eMaGuiBuilder\lib\EXML.jar
Launcher Type: SUN_STANDARD

[Global flags]
     intx CICompilerCount                          = 4                                         {product} {ergonomic}
     uint ConcGCThreads                            = 2                                         {product} {ergonomic}
     uint G1ConcRefinementThreads                  = 8                                         {product} {ergonomic}
   size_t G1HeapRegionSize                         = 2097152                                   {product} {ergonomic}
    uintx GCDrainStackTargetSize                   = 64                                        {product} {ergonomic}
   size_t InitialHeapSize                          = 536870912                                 {product} {ergonomic}
   size_t MarkStackSize                            = 4194304                                   {product} {ergonomic}
   size_t MaxHeapSize                              = 8566865920                                {product} {ergonomic}
   size_t MaxNewSize                               = 5140119552                                {product} {ergonomic}
   size_t MinHeapDeltaBytes                        = 2097152                                   {product} {ergonomic}
    uintx NonNMethodCodeHeapSize                   = 5835340                                {pd product} {ergonomic}
    uintx NonProfiledCodeHeapSize                  = 122911450                              {pd product} {ergonomic}
    uintx ProfiledCodeHeapSize                     = 122911450                              {pd product} {ergonomic}
    uintx ReservedCodeCacheSize                    = 251658240                              {pd product} {ergonomic}
     bool SegmentedCodeCache                       = true                                      {product} {ergonomic}
     bool UseCompressedClassPointers               = true                                 {lp64_product} {ergonomic}
     bool UseCompressedOops                        = true                                 {lp64_product} {ergonomic}
     bool UseG1GC                                  = true                                      {product} {ergonomic}
     bool UseLargePagesIndividualAllocation        = false                                  {pd product} {ergonomic}

Logging:
Log output configuration:
 #0: stdout all=warning uptime,level,tags
 #1: stderr all=off uptime,level,tags

Environment Variables:
JAVA_HOME=C:\Program Files\Java\openjdk_jre11
JRE_HOME=C:\Program Files\Java\openjdk_jre11
PATH=C:/Program Files/Java/openjdk_jre11/bin/server;C:/Program Files/Java/openjdk_jre11/bin;C:\Program Files (x86)\Intel\iCLS Client\;C:\Program Files\Intel\iCLS Client\;C:\Windows\system32;C:\Windows;C:\Windows\System32\Wbem;C:\Windows\System32\WindowsPowerShell\v1.0\;C:\Program Files\Intel\Intel(R) Management Engine Components\DAL;C:\Program Files\Intel\Intel(R) Management Engine Components\IPT;C:\Program Files (x86)\Intel\Intel(R) Management Engine Components\DAL;C:\Program Files (x86)\Intel\Intel(R) Management Engine Components\IPT;C:\Program Files (x86)\Intel\OpenCL SDK\3.0\bin\x86;C:\Program Files (x86)\Intel\OpenCL SDK\3.0\bin\x64;C:\Program Files\Java\openjdk_jre11\bin;C:\Entwicklung\apache-ant-1.9.4\bin;C:\Entwicklung\ocr\Tesseract-OCR;C:\Entwicklung\apache-maven-3.6.0\bin;C:\Program Files (x86)\cvsnt;C:\Program Files (x86)\GNU\GnuPG\pub;C:\Dev-Cpp\MinGW64\bin;C:\Program Files\OpenVPN\bin;C:\Program Files\PuTTY\;C:\Program Files\Java\openjdk_jre11\bin;C:\Users\mahmad\eclipse\jee-2018-12\eclipse;
USERNAME=mahmad
OS=Windows_NT
PROCESSOR_IDENTIFIER=Intel64 Family 6 Model 60 Stepping 3, GenuineIntel



---------------  S Y S T E M  ---------------

OS: Windows 7 , 64 bit Build 7601 (6.1.7601.24354)

CPU:total 8 (initial active 8) (4 cores per cpu, 2 threads per core) family 6 model 60 stepping 3, cmov, cx8, fxsr, mmx, sse, sse2, sse3, ssse3, sse4.1, sse4.2, popcnt, avx, avx2, aes, clmul, erms, rtm, lzcnt, ht, tsc, tscinvbit, bmi1, bmi2, fma

Memory: 4k page, system-wide physical 32679M (18603M free)
TotalPageFile size 65357M (AvailPageFile size 50012M)
current process WorkingSet (physical memory assigned to process): 179M, peak: 179M
current process commit charge ("private bytes"): 724M, peak: 724M

vm_info: OpenJDK 64-Bit Server VM (11.0.2+9) for windows-amd64 JRE (11.0.2+9), built on Jan 18 2019 05:23:22 by "mach5one" with MS VC++ 15.5 (VS2017)

END.
